2025/03/27 12:33:19 [notice] 1#1: using the "epoll" event method
2025/03/27 12:33:19 [notice] 1#1: nginx/1.27.4
2025/03/27 12:33:19 [notice] 1#1: built by gcc 14.2.0 (Alpine 14.2.0) 
2025/03/27 12:33:19 [notice] 1#1: OS: Linux 5.15.90.1-microsoft-standard-WSL2
2025/03/27 12:33:19 [notice] 1#1: getrlimit(RLIMIT_NOFILE): 1048576:1048576
2025/03/27 12:33:19 [notice] 1#1: start worker processes
2025/03/27 12:33:19 [notice] 1#1: start worker process 29
2025/03/27 12:33:19 [notice] 1#1: start worker process 30
2025/03/27 12:33:19 [notice] 1#1: start worker process 31
2025/03/27 12:33:19 [notice] 1#1: start worker process 32
2025/03/27 12:33:19 [notice] 1#1: start worker process 33
2025/03/27 12:33:19 [notice] 1#1: start worker process 34
2025/03/27 12:33:19 [notice] 1#1: start worker process 35
2025/03/27 12:33:19 [notice] 1#1: start worker process 36
2025/03/27 12:33:19 [notice] 1#1: start worker process 37
2025/03/27 12:33:19 [notice] 1#1: start worker process 38
2025/03/27 12:33:19 [notice] 1#1: start worker process 39
2025/03/27 12:33:19 [notice] 1#1: start worker process 40
2025/03/27 12:33:19 [notice] 1#1: start cache manager process 41
2025/03/27 12:33:19 [notice] 1#1: start cache loader process 42
2025/03/27 12:34:19 [notice] 42#42: http file cache: /var/cache/nginx 0.000M, bsize: 4096
2025/03/27 12:34:19 [notice] 1#1: signal 17 (SIGCHLD) received from 42
2025/03/27 12:34:19 [notice] 1#1: cache loader process 42 exited with code 0
2025/03/27 12:34:19 [notice] 1#1: signal 29 (SIGIO) received
2025/03/27 22:56:39 [notice] 1#1: signal 3 (SIGQUIT) received, shutting down
2025/03/27 22:56:39 [notice] 30#30: gracefully shutting down
2025/03/27 22:56:39 [notice] 38#38: gracefully shutting down
2025/03/27 22:56:39 [notice] 29#29: gracefully shutting down
2025/03/27 22:56:39 [notice] 39#39: gracefully shutting down
2025/03/27 22:56:39 [notice] 40#40: gracefully shutting down
2025/03/27 22:56:39 [notice] 32#32: gracefully shutting down
2025/03/27 22:56:39 [notice] 36#36: gracefully shutting down
2025/03/27 22:56:39 [notice] 35#35: gracefully shutting down
2025/03/27 22:56:39 [notice] 37#37: gracefully shutting down
2025/03/27 22:56:39 [notice] 33#33: gracefully shutting down
2025/03/27 22:56:39 [notice] 40#40: exiting
2025/03/27 22:56:39 [notice] 34#34: gracefully shutting down
2025/03/27 22:56:39 [notice] 32#32: exiting
2025/03/27 22:56:39 [notice] 41#41: exiting
2025/03/27 22:56:39 [notice] 31#31: gracefully shutting down
2025/03/27 22:56:39 [notice] 38#38: exiting
2025/03/27 22:56:39 [notice] 39#39: exiting
2025/03/27 22:56:39 [notice] 30#30: exiting
2025/03/27 22:56:39 [notice] 29#29: exiting
2025/03/27 22:56:39 [notice] 33#33: exiting
2025/03/27 22:56:39 [notice] 37#37: exiting
2025/03/27 22:56:39 [notice] 36#36: exiting
2025/03/27 22:56:39 [notice] 35#35: exiting
2025/03/27 22:56:39 [notice] 31#31: exiting
2025/03/27 22:56:39 [notice] 37#37: exit
2025/03/27 22:56:39 [notice] 34#34: exiting
2025/03/27 22:56:39 [notice] 40#40: exit
2025/03/27 22:56:39 [notice] 39#39: exit
2025/03/27 22:56:39 [notice] 32#32: exit
2025/03/27 22:56:39 [notice] 38#38: exit
2025/03/27 22:56:39 [notice] 29#29: exit
2025/03/27 22:56:39 [notice] 30#30: exit
2025/03/27 22:56:39 [notice] 33#33: exit
2025/03/27 22:56:39 [notice] 31#31: exit
2025/03/27 22:56:39 [notice] 35#35: exit
2025/03/27 22:56:39 [notice] 34#34: exit
2025/03/27 22:56:39 [notice] 36#36: exit
2025/03/27 22:56:40 [notice] 1#1: signal 17 (SIGCHLD) received from 33
2025/03/27 22:56:40 [notice] 1#1: worker process 33 exited with code 0
2025/03/27 22:56:40 [notice] 1#1: cache manager process 41 exited with code 0
2025/03/27 22:56:40 [notice] 1#1: signal 29 (SIGIO) received
2025/03/27 22:56:40 [notice] 1#1: signal 17 (SIGCHLD) received from 38
2025/03/27 22:56:40 [notice] 1#1: worker process 29 exited with code 0
2025/03/27 22:56:40 [notice] 1#1: worker process 36 exited with code 0
2025/03/27 22:56:40 [notice] 1#1: worker process 38 exited with code 0
2025/03/27 22:56:40 [notice] 1#1: signal 29 (SIGIO) received
2025/03/27 22:56:40 [notice] 1#1: signal 17 (SIGCHLD) received from 29
2025/03/27 22:56:40 [notice] 1#1: signal 17 (SIGCHLD) received from 35
2025/03/27 22:56:40 [notice] 1#1: worker process 34 exited with code 0
2025/03/27 22:56:40 [notice] 1#1: worker process 35 exited with code 0
2025/03/27 22:56:40 [notice] 1#1: signal 29 (SIGIO) received
2025/03/27 22:56:40 [notice] 1#1: signal 17 (SIGCHLD) received from 40
2025/03/27 22:56:40 [notice] 1#1: worker process 31 exited with code 0
2025/03/27 22:56:40 [notice] 1#1: worker process 39 exited with code 0
2025/03/27 22:56:40 [notice] 1#1: worker process 40 exited with code 0
2025/03/27 22:56:40 [notice] 1#1: signal 29 (SIGIO) received
2025/03/27 22:56:40 [notice] 1#1: signal 17 (SIGCHLD) received from 30
2025/03/27 22:56:40 [notice] 1#1: worker process 30 exited with code 0
2025/03/27 22:56:40 [notice] 1#1: signal 29 (SIGIO) received
2025/03/27 22:56:40 [notice] 1#1: signal 17 (SIGCHLD) received from 32
2025/03/27 22:56:40 [notice] 1#1: worker process 32 exited with code 0
2025/03/27 22:56:40 [notice] 1#1: worker process 37 exited with code 0
2025/03/27 22:56:40 [notice] 1#1: exit
2025/03/28 08:09:22 [notice] 1#1: using the "epoll" event method
2025/03/28 08:09:22 [notice] 1#1: nginx/1.27.4
2025/03/28 08:09:22 [notice] 1#1: built by gcc 14.2.0 (Alpine 14.2.0) 
2025/03/28 08:09:22 [notice] 1#1: OS: Linux 5.15.90.1-microsoft-standard-WSL2
2025/03/28 08:09:22 [notice] 1#1: getrlimit(RLIMIT_NOFILE): 1048576:1048576
2025/03/28 08:09:22 [notice] 1#1: start worker processes
2025/03/28 08:09:22 [notice] 1#1: start worker process 30
2025/03/28 08:09:22 [notice] 1#1: start worker process 31
2025/03/28 08:09:22 [notice] 1#1: start worker process 32
2025/03/28 08:09:22 [notice] 1#1: start worker process 33
2025/03/28 08:09:22 [notice] 1#1: start worker process 34
2025/03/28 08:09:22 [notice] 1#1: start worker process 35
2025/03/28 08:09:22 [notice] 1#1: start worker process 36
2025/03/28 08:09:22 [notice] 1#1: start worker process 37
2025/03/28 08:09:22 [notice] 1#1: start worker process 38
2025/03/28 08:09:22 [notice] 1#1: start worker process 39
2025/03/28 08:09:22 [notice] 1#1: start worker process 40
2025/03/28 08:09:22 [notice] 1#1: start worker process 41
2025/03/28 08:09:22 [notice] 1#1: start cache manager process 42
2025/03/28 08:09:22 [notice] 1#1: start cache loader process 43
2025/03/28 08:10:22 [notice] 43#43: http file cache: /var/cache/nginx 0.000M, bsize: 4096
2025/03/28 08:10:22 [notice] 1#1: signal 17 (SIGCHLD) received from 43
2025/03/28 08:10:22 [notice] 1#1: cache loader process 43 exited with code 0
2025/03/28 08:10:22 [notice] 1#1: signal 29 (SIGIO) received
2025/03/28 08:55:27 [warn] 30#30: *31 delaying request, excess: 0.020, by zone "data_limit", client: 172.22.0.1, server: , request: "GET /data HTTP/1.1", host: "localhost", referrer: "http://localhost/templates/index.html"
2025/03/28 08:55:27 [warn] 30#30: *31 delaying request, excess: 0.035, by zone "data_limit", client: 172.22.0.1, server: , request: "GET /data HTTP/1.1", host: "localhost", referrer: "http://localhost/templates/index.html"
2025/03/28 09:35:10 [notice] 1#1: signal 3 (SIGQUIT) received, shutting down
2025/03/28 09:35:10 [notice] 30#30: gracefully shutting down
2025/03/28 09:35:10 [notice] 31#31: gracefully shutting down
2025/03/28 09:35:10 [notice] 39#39: gracefully shutting down
2025/03/28 09:35:10 [notice] 34#34: gracefully shutting down
2025/03/28 09:35:10 [notice] 33#33: gracefully shutting down
2025/03/28 09:35:10 [notice] 35#35: gracefully shutting down
2025/03/28 09:35:10 [notice] 36#36: gracefully shutting down
2025/03/28 09:35:10 [notice] 30#30: exiting
2025/03/28 09:35:10 [notice] 32#32: gracefully shutting down
2025/03/28 09:35:10 [notice] 40#40: gracefully shutting down
2025/03/28 09:35:10 [notice] 42#42: exiting
2025/03/28 09:35:10 [notice] 41#41: gracefully shutting down
2025/03/28 09:35:10 [notice] 38#38: gracefully shutting down
2025/03/28 09:35:10 [notice] 41#41: exiting
2025/03/28 09:35:10 [notice] 37#37: gracefully shutting down
2025/03/28 09:35:10 [notice] 39#39: exiting
2025/03/28 09:35:10 [notice] 34#34: exiting
2025/03/28 09:35:10 [notice] 31#31: exiting
2025/03/28 09:35:10 [notice] 35#35: exiting
2025/03/28 09:35:10 [notice] 34#34: exit
2025/03/28 09:35:10 [notice] 40#40: exiting
2025/03/28 09:35:10 [notice] 35#35: exit
2025/03/28 09:35:10 [notice] 33#33: exiting
2025/03/28 09:35:10 [notice] 36#36: exiting
2025/03/28 09:35:10 [notice] 32#32: exiting
2025/03/28 09:35:10 [notice] 30#30: exit
2025/03/28 09:35:10 [notice] 41#41: exit
2025/03/28 09:35:10 [notice] 39#39: exit
2025/03/28 09:35:10 [notice] 38#38: exiting
2025/03/28 09:35:10 [notice] 37#37: exiting
2025/03/28 09:35:10 [notice] 31#31: exit
2025/03/28 09:35:10 [notice] 40#40: exit
2025/03/28 09:35:10 [notice] 33#33: exit
2025/03/28 09:35:10 [notice] 32#32: exit
2025/03/28 09:35:10 [notice] 36#36: exit
2025/03/28 09:35:10 [notice] 38#38: exit
2025/03/28 09:35:10 [notice] 37#37: exit
2025/03/28 09:35:10 [notice] 1#1: signal 17 (SIGCHLD) received from 31
2025/03/28 09:35:10 [notice] 1#1: worker process 30 exited with code 0
2025/03/28 09:35:10 [notice] 1#1: worker process 31 exited with code 0
2025/03/28 09:35:10 [notice] 1#1: worker process 32 exited with code 0
2025/03/28 09:35:10 [notice] 1#1: worker process 38 exited with code 0
2025/03/28 09:35:10 [notice] 1#1: worker process 39 exited with code 0
2025/03/28 09:35:10 [notice] 1#1: signal 29 (SIGIO) received
2025/03/28 09:35:10 [notice] 1#1: signal 17 (SIGCHLD) received from 30
2025/03/28 09:35:10 [notice] 1#1: signal 17 (SIGCHLD) received from 34
2025/03/28 09:35:10 [notice] 1#1: worker process 33 exited with code 0
2025/03/28 09:35:10 [notice] 1#1: worker process 34 exited with code 0
2025/03/28 09:35:10 [notice] 1#1: worker process 35 exited with code 0
2025/03/28 09:35:10 [notice] 1#1: worker process 37 exited with code 0
2025/03/28 09:35:10 [notice] 1#1: worker process 40 exited with code 0
2025/03/28 09:35:10 [notice] 1#1: worker process 41 exited with code 0
2025/03/28 09:35:10 [notice] 1#1: signal 29 (SIGIO) received
2025/03/28 09:35:10 [notice] 1#1: signal 17 (SIGCHLD) received from 42
2025/03/28 09:35:10 [notice] 1#1: worker process 36 exited with code 0
2025/03/28 09:35:10 [notice] 1#1: cache manager process 42 exited with code 0
2025/03/28 09:35:10 [notice] 1#1: exit
2025/03/28 09:35:40 [notice] 1#1: using the "epoll" event method
2025/03/28 09:35:40 [notice] 1#1: nginx/1.27.4
2025/03/28 09:35:40 [notice] 1#1: built by gcc 14.2.0 (Alpine 14.2.0) 
2025/03/28 09:35:40 [notice] 1#1: OS: Linux 5.15.90.1-microsoft-standard-WSL2
2025/03/28 09:35:40 [notice] 1#1: getrlimit(RLIMIT_NOFILE): 1048576:1048576
2025/03/28 09:35:40 [notice] 1#1: start worker processes
2025/03/28 09:35:40 [notice] 1#1: start worker process 29
2025/03/28 09:35:40 [notice] 1#1: start worker process 30
2025/03/28 09:35:40 [notice] 1#1: start worker process 31
2025/03/28 09:35:40 [notice] 1#1: start worker process 32
2025/03/28 09:35:40 [notice] 1#1: start worker process 33
2025/03/28 09:35:40 [notice] 1#1: start worker process 34
2025/03/28 09:35:40 [notice] 1#1: start worker process 35
2025/03/28 09:35:40 [notice] 1#1: start worker process 36
2025/03/28 09:35:40 [notice] 1#1: start worker process 37
2025/03/28 09:35:40 [notice] 1#1: start worker process 38
2025/03/28 09:35:40 [notice] 1#1: start worker process 39
2025/03/28 09:35:40 [notice] 1#1: start worker process 40
2025/03/28 09:35:40 [notice] 1#1: start cache manager process 41
2025/03/28 09:35:40 [notice] 1#1: start cache loader process 42
2025/03/28 09:36:04 [error] 29#29: *1 open() "/var/www/html/static/1.png" failed (2: No such file or directory), client: 172.22.0.1, server: , request: "GET /static/1.png HTTP/1.1", host: "localhost"
2025/03/28 09:36:40 [notice] 42#42: http file cache: /var/cache/nginx 0.000M, bsize: 4096
2025/03/28 09:36:40 [notice] 1#1: signal 17 (SIGCHLD) received from 42
2025/03/28 09:36:40 [notice] 1#1: cache loader process 42 exited with code 0
2025/03/28 09:36:40 [notice] 1#1: signal 29 (SIGIO) received
2025/03/28 09:38:12 [notice] 1#1: signal 3 (SIGQUIT) received, shutting down
2025/03/28 09:38:12 [notice] 30#30: gracefully shutting down
2025/03/28 09:38:12 [notice] 40#40: gracefully shutting down
2025/03/28 09:38:12 [notice] 29#29: gracefully shutting down
2025/03/28 09:38:12 [notice] 31#31: gracefully shutting down
2025/03/28 09:38:12 [notice] 33#33: gracefully shutting down
2025/03/28 09:38:12 [notice] 34#34: gracefully shutting down
2025/03/28 09:38:12 [notice] 36#36: gracefully shutting down
2025/03/28 09:38:12 [notice] 32#32: gracefully shutting down
2025/03/28 09:38:12 [notice] 37#37: gracefully shutting down
2025/03/28 09:38:12 [notice] 35#35: gracefully shutting down
2025/03/28 09:38:12 [notice] 38#38: gracefully shutting down
2025/03/28 09:38:12 [notice] 41#41: exiting
2025/03/28 09:38:12 [notice] 39#39: gracefully shutting down
2025/03/28 09:38:12 [notice] 30#30: exiting
2025/03/28 09:38:12 [notice] 40#40: exiting
2025/03/28 09:38:12 [notice] 29#29: exiting
2025/03/28 09:38:12 [notice] 31#31: exiting
2025/03/28 09:38:12 [notice] 33#33: exiting
2025/03/28 09:38:12 [notice] 34#34: exiting
2025/03/28 09:38:12 [notice] 36#36: exiting
2025/03/28 09:38:12 [notice] 37#37: exiting
2025/03/28 09:38:12 [notice] 35#35: exiting
2025/03/28 09:38:12 [notice] 38#38: exiting
2025/03/28 09:38:12 [notice] 39#39: exiting
2025/03/28 09:38:12 [notice] 40#40: exit
2025/03/28 09:38:12 [notice] 30#30: exit
2025/03/28 09:38:12 [notice] 29#29: exit
2025/03/28 09:38:12 [notice] 31#31: exit
2025/03/28 09:38:12 [notice] 33#33: exit
2025/03/28 09:38:12 [notice] 34#34: exit
2025/03/28 09:38:12 [notice] 36#36: exit
2025/03/28 09:38:12 [notice] 37#37: exit
2025/03/28 09:38:12 [notice] 35#35: exit
2025/03/28 09:38:12 [notice] 38#38: exit
2025/03/28 09:38:12 [notice] 39#39: exit
2025/03/28 09:38:12 [notice] 1#1: signal 17 (SIGCHLD) received from 41
2025/03/28 09:38:12 [notice] 1#1: worker process 29 exited with code 0
2025/03/28 09:38:12 [notice] 1#1: worker process 30 exited with code 0
2025/03/28 09:38:12 [notice] 1#1: worker process 31 exited with code 0
2025/03/28 09:38:12 [notice] 1#1: worker process 40 exited with code 0
2025/03/28 09:38:12 [notice] 1#1: cache manager process 41 exited with code 0
2025/03/28 09:38:12 [notice] 1#1: signal 29 (SIGIO) received
2025/03/28 09:38:12 [notice] 1#1: signal 17 (SIGCHLD) received from 36
2025/03/28 09:38:12 [notice] 1#1: worker process 36 exited with code 0
2025/03/28 09:38:12 [notice] 1#1: worker process 39 exited with code 0
2025/03/28 09:38:12 [notice] 1#1: signal 29 (SIGIO) received
2025/03/28 09:38:12 [notice] 1#1: signal 17 (SIGCHLD) received from 37
2025/03/28 09:38:12 [notice] 1#1: worker process 37 exited with code 0
2025/03/28 09:38:12 [notice] 1#1: signal 29 (SIGIO) received
2025/03/28 09:38:12 [notice] 1#1: signal 17 (SIGCHLD) received from 33
2025/03/28 09:38:12 [notice] 1#1: worker process 33 exited with code 0
2025/03/28 09:38:12 [notice] 1#1: worker process 34 exited with code 0
2025/03/28 09:38:12 [notice] 1#1: signal 29 (SIGIO) received
2025/03/28 09:38:12 [notice] 1#1: signal 17 (SIGCHLD) received from 35
2025/03/28 09:38:12 [notice] 1#1: worker process 35 exited with code 0
2025/03/28 09:38:12 [notice] 1#1: signal 29 (SIGIO) received
2025/03/28 09:38:12 [notice] 1#1: signal 17 (SIGCHLD) received from 38
2025/03/28 09:38:12 [notice] 1#1: worker process 38 exited with code 0
2025/03/28 09:38:12 [notice] 1#1: signal 29 (SIGIO) received
2025/03/28 09:39:24 [notice] 1#1: using the "epoll" event method
2025/03/28 09:39:24 [notice] 1#1: nginx/1.27.4
2025/03/28 09:39:24 [notice] 1#1: built by gcc 14.2.0 (Alpine 14.2.0) 
2025/03/28 09:39:24 [notice] 1#1: OS: Linux 5.15.90.1-microsoft-standard-WSL2
2025/03/28 09:39:24 [notice] 1#1: getrlimit(RLIMIT_NOFILE): 1048576:1048576
2025/03/28 09:39:24 [notice] 1#1: start worker processes
2025/03/28 09:39:24 [notice] 1#1: start worker process 29
2025/03/28 09:39:24 [notice] 1#1: start worker process 30
2025/03/28 09:39:24 [notice] 1#1: start worker process 31
2025/03/28 09:39:24 [notice] 1#1: start worker process 32
2025/03/28 09:39:24 [notice] 1#1: start worker process 33
2025/03/28 09:39:24 [notice] 1#1: start worker process 34
2025/03/28 09:39:24 [notice] 1#1: start worker process 35
2025/03/28 09:39:24 [notice] 1#1: start worker process 36
2025/03/28 09:39:24 [notice] 1#1: start worker process 37
2025/03/28 09:39:24 [notice] 1#1: start worker process 38
2025/03/28 09:39:24 [notice] 1#1: start worker process 39
2025/03/28 09:39:24 [notice] 1#1: start worker process 40
2025/03/28 09:39:24 [notice] 1#1: start cache manager process 41
2025/03/28 09:39:24 [notice] 1#1: start cache loader process 42
2025/03/28 09:40:24 [notice] 42#42: http file cache: /var/cache/nginx 0.000M, bsize: 4096
2025/03/28 09:40:24 [notice] 1#1: signal 17 (SIGCHLD) received from 42
2025/03/28 09:40:24 [notice] 1#1: cache loader process 42 exited with code 0
2025/03/28 09:40:24 [notice] 1#1: signal 29 (SIGIO) received
